0 verbose cli C:\Program Files\nodejs\node.exe C:\Users\USER\AppData\Roaming\npm\node_modules\npm\bin\npm-cli.js
1 info using npm@11.12.1
2 info using node@v24.14.1
3 silly config load:file:C:\Users\USER\AppData\Roaming\npm\node_modules\npm\npmrc
4 silly config load:file:C:\Users\USER\Documents\Great Market 1.0\.npmrc
5 silly config load:file:C:\Users\USER\.npmrc
6 silly config load:file:C:\Users\USER\AppData\Roaming\npm\etc\npmrc
7 verbose title npm install
8 verbose argv "install" "--cache" ".npm-cache"
9 verbose logfile logs-max:10 dir:C:\Users\USER\Documents\Great Market 1.0\.npm-cache\_logs\2026-04-23T17_04_37_348Z-
10 verbose logfile C:\Users\USER\Documents\Great Market 1.0\.npm-cache\_logs\2026-04-23T17_04_37_348Z-debug-0.log
11 silly logfile done cleaning log files
12 silly packumentCache heap:2348810240 maxSize:587202560 maxEntrySize:293601280
13 silly idealTree buildDeps
14 silly fetch manifest react@^18.3.1
15 silly packumentCache full:https://registry.npmjs.org/react cache-miss
16 http fetch GET 200 https://registry.npmjs.org/npm 740ms
17 http fetch GET 200 https://registry.npmjs.org/react 1479ms (cache miss)
18 silly packumentCache full:https://registry.npmjs.org/react set size:undefined disposed:false
19 silly fetch manifest react-dom@^18.3.1
20 silly packumentCache full:https://registry.npmjs.org/react-dom cache-miss
21 http fetch GET 200 https://registry.npmjs.org/react-dom 977ms (cache miss)
22 silly packumentCache full:https://registry.npmjs.org/react-dom set size:undefined disposed:false
23 silly fetch manifest vite@^5.4.10
24 silly packumentCache full:https://registry.npmjs.org/vite cache-miss
25 http fetch GET 200 https://registry.npmjs.org/vite 3079ms (cache miss)
26 silly packumentCache full:https://registry.npmjs.org/vite set size:undefined disposed:false
27 silly fetch manifest @types/node@^18.0.0 || >=20.0.0
28 silly packumentCache full:https://registry.npmjs.org/@types%2fnode cache-miss
29 http fetch GET 200 https://registry.npmjs.org/@types%2fnode 915ms (cache miss)
30 silly packumentCache full:https://registry.npmjs.org/@types%2fnode set size:undefined disposed:false
31 silly fetch manifest less@*
32 silly packumentCache full:https://registry.npmjs.org/less cache-miss
33 http fetch GET 200 https://registry.npmjs.org/less 224ms (cache miss)
34 silly packumentCache full:https://registry.npmjs.org/less set size:undefined disposed:false
35 silly fetch manifest lightningcss@^1.21.0
36 silly packumentCache full:https://registry.npmjs.org/lightningcss cache-miss
37 http fetch GET 200 https://registry.npmjs.org/lightningcss 153ms (cache miss)
38 silly packumentCache full:https://registry.npmjs.org/lightningcss set size:undefined disposed:false
39 silly fetch manifest sass@*
40 silly packumentCache full:https://registry.npmjs.org/sass cache-miss
41 http fetch GET 200 https://registry.npmjs.org/sass 287ms (cache miss)
42 silly packumentCache full:https://registry.npmjs.org/sass set size:undefined disposed:false
43 silly fetch manifest sass-embedded@*
44 silly packumentCache full:https://registry.npmjs.org/sass-embedded cache-miss
45 http fetch GET 200 https://registry.npmjs.org/sass-embedded 323ms (cache miss)
46 silly packumentCache full:https://registry.npmjs.org/sass-embedded set size:undefined disposed:false
47 silly fetch manifest stylus@*
48 silly packumentCache full:https://registry.npmjs.org/stylus cache-miss
49 http fetch GET 200 https://registry.npmjs.org/stylus 1078ms (cache miss)
50 silly packumentCache full:https://registry.npmjs.org/stylus set size:undefined disposed:false
51 silly fetch manifest sugarss@*
52 silly packumentCache full:https://registry.npmjs.org/sugarss cache-miss
53 http fetch GET 200 https://registry.npmjs.org/sugarss 137ms (cache miss)
54 silly packumentCache full:https://registry.npmjs.org/sugarss set size:undefined disposed:false
55 silly fetch manifest postcss@^8.3.3
56 silly packumentCache full:https://registry.npmjs.org/postcss cache-miss
57 http fetch GET 200 https://registry.npmjs.org/postcss 224ms (cache miss)
58 silly packumentCache full:https://registry.npmjs.org/postcss set size:undefined disposed:false
59 silly fetch manifest terser@^5.4.0
60 silly packumentCache full:https://registry.npmjs.org/terser cache-miss
61 http fetch GET 200 https://registry.npmjs.org/terser 193ms (cache miss)
62 silly packumentCache full:https://registry.npmjs.org/terser set size:undefined disposed:false
63 silly placeDep ROOT react@18.3.1 OK for: great-market-portfolio@1.0.0 want: ^18.3.1
64 silly placeDep ROOT react-dom@18.3.1 OK for: great-market-portfolio@1.0.0 want: ^18.3.1
65 silly placeDep ROOT vite@5.4.21 OK for: great-market-portfolio@1.0.0 want: ^5.4.10
66 silly fetch manifest loose-envify@^1.1.0
67 silly packumentCache full:https://registry.npmjs.org/loose-envify cache-miss
68 silly fetch manifest scheduler@^0.23.2
69 silly packumentCache full:https://registry.npmjs.org/scheduler cache-miss
70 silly fetch manifest loose-envify@^1.1.0
71 silly packumentCache full:https://registry.npmjs.org/loose-envify cache-miss
72 http fetch GET 200 https://registry.npmjs.org/loose-envify 190ms (cache miss)
73 silly packumentCache full:https://registry.npmjs.org/loose-envify set size:undefined disposed:false
74 silly fetch manifest rollup@^4.20.0
75 silly packumentCache full:https://registry.npmjs.org/rollup cache-miss
76 http fetch GET 200 https://registry.npmjs.org/loose-envify 558ms (cache miss)
77 silly packumentCache full:https://registry.npmjs.org/loose-envify set size:undefined disposed:false
78 silly fetch manifest esbuild@^0.21.3
79 silly packumentCache full:https://registry.npmjs.org/esbuild cache-miss
80 http fetch GET 200 https://registry.npmjs.org/esbuild 406ms (cache miss)
81 silly packumentCache full:https://registry.npmjs.org/esbuild set size:undefined disposed:false
82 silly fetch manifest postcss@^8.4.43
83 silly packumentCache full:https://registry.npmjs.org/postcss cache-miss
84 http cache https://registry.npmjs.org/postcss 64ms (cache hit)
85 silly packumentCache full:https://registry.npmjs.org/postcss set size:708244 disposed:false
86 silly fetch manifest fsevents@~2.3.3
87 silly packumentCache full:https://registry.npmjs.org/fsevents cache-miss
88 http fetch GET 200 https://registry.npmjs.org/scheduler 1256ms (cache miss)
89 silly packumentCache full:https://registry.npmjs.org/scheduler set size:undefined disposed:false
90 http fetch GET 200 https://registry.npmjs.org/fsevents 670ms (cache miss)
91 silly packumentCache full:https://registry.npmjs.org/fsevents set size:undefined disposed:false
92 http fetch GET 200 https://registry.npmjs.org/rollup 1662ms (cache miss)
93 silly packumentCache full:https://registry.npmjs.org/rollup set size:undefined disposed:false
94 silly placeDep ROOT loose-envify@1.4.0 OK for: react@18.3.1 want: ^1.1.0
95 silly fetch manifest js-tokens@^3.0.0 || ^4.0.0
96 silly packumentCache full:https://registry.npmjs.org/js-tokens cache-miss
97 http fetch GET 200 https://registry.npmjs.org/js-tokens 257ms (cache miss)
98 silly packumentCache full:https://registry.npmjs.org/js-tokens set size:undefined disposed:false
99 silly placeDep ROOT js-tokens@4.0.0 OK for: loose-envify@1.4.0 want: ^3.0.0 || ^4.0.0
100 silly placeDep ROOT scheduler@0.23.2 OK for: react-dom@18.3.1 want: ^0.23.2
101 silly placeDep ROOT esbuild@0.21.5 OK for: vite@5.4.21 want: ^0.21.3
102 silly placeDep ROOT fsevents@2.3.3 OK for: vite@5.4.21 want: ~2.3.3
103 silly placeDep ROOT postcss@8.5.10 OK for: vite@5.4.21 want: ^8.4.43
104 silly placeDep ROOT rollup@4.60.2 OK for: vite@5.4.21 want: ^4.20.0
105 silly fetch manifest @esbuild/aix-ppc64@0.21.5
106 silly packumentCache full:https://registry.npmjs.org/@esbuild%2faix-ppc64 cache-miss
107 silly fetch manifest @esbuild/linux-arm@0.21.5
108 silly packumentCache full:https://registry.npmjs.org/@esbuild%2flinux-arm cache-miss
109 silly fetch manifest @esbuild/linux-x64@0.21.5
110 silly packumentCache full:https://registry.npmjs.org/@esbuild%2flinux-x64 cache-miss
111 http fetch GET 200 https://registry.npmjs.org/@esbuild%2faix-ppc64 353ms (cache miss)
112 silly packumentCache full:https://registry.npmjs.org/@esbuild%2faix-ppc64 set size:undefined disposed:false
113 silly fetch manifest @esbuild/sunos-x64@0.21.5
114 silly packumentCache full:https://registry.npmjs.org/@esbuild%2fsunos-x64 cache-miss
115 http fetch GET 200 https://registry.npmjs.org/@esbuild%2flinux-arm 375ms (cache miss)
116 silly packumentCache full:https://registry.npmjs.org/@esbuild%2flinux-arm set size:undefined disposed:false
117 silly fetch manifest @esbuild/win32-x64@0.21.5
118 silly packumentCache full:https://registry.npmjs.org/@esbuild%2fwin32-x64 cache-miss
119 http fetch GET 200 https://registry.npmjs.org/@esbuild%2flinux-x64 432ms (cache miss)
120 silly packumentCache full:https://registry.npmjs.org/@esbuild%2flinux-x64 set size:undefined disposed:false
121 silly fetch manifest @esbuild/darwin-x64@0.21.5
122 silly packumentCache full:https://registry.npmjs.org/@esbuild%2fdarwin-x64 cache-miss
123 http fetch GET 200 https://registry.npmjs.org/@esbuild%2fwin32-x64 346ms (cache miss)
124 silly packumentCache full:https://registry.npmjs.org/@esbuild%2fwin32-x64 set size:undefined disposed:false
125 silly fetch manifest @esbuild/linux-ia32@0.21.5
126 silly packumentCache full:https://registry.npmjs.org/@esbuild%2flinux-ia32 cache-miss
127 http fetch GET 200 https://registry.npmjs.org/@esbuild%2fsunos-x64 506ms (cache miss)
128 silly packumentCache full:https://registry.npmjs.org/@esbuild%2fsunos-x64 set size:undefined disposed:false
129 silly fetch manifest @esbuild/netbsd-x64@0.21.5
130 silly packumentCache full:https://registry.npmjs.org/@esbuild%2fnetbsd-x64 cache-miss
131 http fetch GET 200 https://registry.npmjs.org/@esbuild%2fdarwin-x64 424ms (cache miss)
132 silly packumentCache full:https://registry.npmjs.org/@esbuild%2fdarwin-x64 set size:undefined disposed:false
133 silly fetch manifest @esbuild/win32-ia32@0.21.5
134 silly packumentCache full:https://registry.npmjs.org/@esbuild%2fwin32-ia32 cache-miss
135 http fetch GET 200 https://registry.npmjs.org/@esbuild%2fwin32-ia32 234ms (cache miss)
136 silly packumentCache full:https://registry.npmjs.org/@esbuild%2fwin32-ia32 set size:undefined disposed:false
137 silly fetch manifest @esbuild/android-arm@0.21.5
138 silly packumentCache full:https://registry.npmjs.org/@esbuild%2fandroid-arm cache-miss
139 http fetch GET 200 https://registry.npmjs.org/@esbuild%2fnetbsd-x64 373ms (cache miss)
140 silly packumentCache full:https://registry.npmjs.org/@esbuild%2fnetbsd-x64 set size:undefined disposed:false
141 silly fetch manifest @esbuild/android-x64@0.21.5
142 silly packumentCache full:https://registry.npmjs.org/@esbuild%2fandroid-x64 cache-miss
143 http fetch GET 200 https://registry.npmjs.org/@esbuild%2fandroid-x64 181ms (cache miss)
144 silly packumentCache full:https://registry.npmjs.org/@esbuild%2fandroid-x64 set size:undefined disposed:false
145 silly fetch manifest @esbuild/freebsd-x64@0.21.5
146 silly packumentCache full:https://registry.npmjs.org/@esbuild%2ffreebsd-x64 cache-miss
147 http fetch GET 200 https://registry.npmjs.org/@esbuild%2flinux-ia32 728ms (cache miss)
148 silly packumentCache full:https://registry.npmjs.org/@esbuild%2flinux-ia32 set size:undefined disposed:false
149 silly fetch manifest @esbuild/linux-arm64@0.21.5
150 silly packumentCache full:https://registry.npmjs.org/@esbuild%2flinux-arm64 cache-miss
151 http fetch GET 200 https://registry.npmjs.org/@esbuild%2flinux-arm64 386ms (cache miss)
152 silly packumentCache full:https://registry.npmjs.org/@esbuild%2flinux-arm64 set size:undefined disposed:false
153 silly fetch manifest @esbuild/linux-ppc64@0.21.5
154 silly packumentCache full:https://registry.npmjs.org/@esbuild%2flinux-ppc64 cache-miss
155 http fetch GET 200 https://registry.npmjs.org/@esbuild%2fandroid-arm 919ms (cache miss)
156 silly packumentCache full:https://registry.npmjs.org/@esbuild%2fandroid-arm set size:undefined disposed:false
157 silly fetch manifest @esbuild/linux-s390x@0.21.5
158 silly packumentCache full:https://registry.npmjs.org/@esbuild%2flinux-s390x cache-miss
159 http fetch GET 200 https://registry.npmjs.org/@esbuild%2ffreebsd-x64 666ms (cache miss)
160 silly packumentCache full:https://registry.npmjs.org/@esbuild%2ffreebsd-x64 set size:undefined disposed:false
161 silly fetch manifest @esbuild/openbsd-x64@0.21.5
162 silly packumentCache full:https://registry.npmjs.org/@esbuild%2fopenbsd-x64 cache-miss
163 http fetch GET 200 https://registry.npmjs.org/@esbuild%2flinux-ppc64 378ms (cache miss)
164 silly packumentCache full:https://registry.npmjs.org/@esbuild%2flinux-ppc64 set size:undefined disposed:false
165 silly fetch manifest @esbuild/win32-arm64@0.21.5
166 silly packumentCache full:https://registry.npmjs.org/@esbuild%2fwin32-arm64 cache-miss
167 http fetch GET 200 https://registry.npmjs.org/@esbuild%2flinux-s390x 428ms (cache miss)
168 silly packumentCache full:https://registry.npmjs.org/@esbuild%2flinux-s390x set size:undefined disposed:false
169 silly fetch manifest @esbuild/darwin-arm64@0.21.5
170 silly packumentCache full:https://registry.npmjs.org/@esbuild%2fdarwin-arm64 cache-miss
171 http fetch GET 200 https://registry.npmjs.org/@esbuild%2fopenbsd-x64 378ms (cache miss)
172 silly packumentCache full:https://registry.npmjs.org/@esbuild%2fopenbsd-x64 set size:undefined disposed:false
173 silly fetch manifest @esbuild/android-arm64@0.21.5
174 silly packumentCache full:https://registry.npmjs.org/@esbuild%2fandroid-arm64 cache-miss
175 http fetch GET 200 https://registry.npmjs.org/@esbuild%2fwin32-arm64 475ms (cache miss)
176 silly packumentCache full:https://registry.npmjs.org/@esbuild%2fwin32-arm64 set size:undefined disposed:false
177 silly fetch manifest @esbuild/freebsd-arm64@0.21.5
178 silly packumentCache full:https://registry.npmjs.org/@esbuild%2ffreebsd-arm64 cache-miss
179 http fetch GET 200 https://registry.npmjs.org/@esbuild%2fandroid-arm64 266ms (cache miss)
180 silly packumentCache full:https://registry.npmjs.org/@esbuild%2fandroid-arm64 set size:undefined disposed:false
181 silly fetch manifest @esbuild/linux-loong64@0.21.5
182 silly packumentCache full:https://registry.npmjs.org/@esbuild%2flinux-loong64 cache-miss
183 http fetch GET 200 https://registry.npmjs.org/@esbuild%2fdarwin-arm64 376ms (cache miss)
184 silly packumentCache full:https://registry.npmjs.org/@esbuild%2fdarwin-arm64 set size:undefined disposed:false
185 silly fetch manifest @esbuild/linux-riscv64@0.21.5
186 silly packumentCache full:https://registry.npmjs.org/@esbuild%2flinux-riscv64 cache-miss
187 http fetch GET 200 https://registry.npmjs.org/@esbuild%2ffreebsd-arm64 354ms (cache miss)
188 silly packumentCache full:https://registry.npmjs.org/@esbuild%2ffreebsd-arm64 set size:undefined disposed:false
189 silly fetch manifest @esbuild/linux-mips64el@0.21.5
190 silly packumentCache full:https://registry.npmjs.org/@esbuild%2flinux-mips64el cache-miss
191 http fetch GET 200 https://registry.npmjs.org/@esbuild%2flinux-loong64 447ms (cache miss)
192 silly packumentCache full:https://registry.npmjs.org/@esbuild%2flinux-loong64 set size:undefined disposed:false
193 silly fetch manifest nanoid@^3.3.11
194 silly packumentCache full:https://registry.npmjs.org/nanoid cache-miss
195 http fetch GET 200 https://registry.npmjs.org/@esbuild%2flinux-riscv64 375ms (cache miss)
196 silly packumentCache full:https://registry.npmjs.org/@esbuild%2flinux-riscv64 set size:undefined disposed:false
197 silly fetch manifest picocolors@^1.1.1
198 silly packumentCache full:https://registry.npmjs.org/picocolors cache-miss
199 http fetch GET 200 https://registry.npmjs.org/@esbuild%2flinux-mips64el 184ms (cache miss)
200 silly packumentCache full:https://registry.npmjs.org/@esbuild%2flinux-mips64el set size:undefined disposed:false
201 silly fetch manifest source-map-js@^1.2.1
202 silly packumentCache full:https://registry.npmjs.org/source-map-js cache-miss
203 http fetch GET 200 https://registry.npmjs.org/picocolors 125ms (cache miss)
204 silly packumentCache full:https://registry.npmjs.org/picocolors set size:undefined disposed:false
205 silly fetch manifest @types/estree@1.0.8
206 silly packumentCache full:https://registry.npmjs.org/@types%2festree cache-miss
207 http fetch GET 200 https://registry.npmjs.org/source-map-js 150ms (cache miss)
208 silly packumentCache full:https://registry.npmjs.org/source-map-js set size:undefined disposed:false
209 silly fetch manifest @rollup/rollup-darwin-arm64@4.60.2
210 silly packumentCache full:https://registry.npmjs.org/@rollup%2frollup-darwin-arm64 cache-miss
211 http fetch GET 200 https://registry.npmjs.org/@types%2festree 221ms (cache miss)
212 silly packumentCache full:https://registry.npmjs.org/@types%2festree set size:undefined disposed:false
213 silly fetch manifest @rollup/rollup-android-arm64@4.60.2
214 silly packumentCache full:https://registry.npmjs.org/@rollup%2frollup-android-arm64 cache-miss
215 http fetch GET 200 https://registry.npmjs.org/nanoid 414ms (cache miss)
216 silly packumentCache full:https://registry.npmjs.org/nanoid set size:undefined disposed:false
217 silly fetch manifest @rollup/rollup-win32-arm64-msvc@4.60.2
218 silly packumentCache full:https://registry.npmjs.org/@rollup%2frollup-win32-arm64-msvc cache-miss
219 http fetch GET 200 https://registry.npmjs.org/@rollup%2frollup-darwin-arm64 379ms (cache miss)
220 silly packumentCache full:https://registry.npmjs.org/@rollup%2frollup-darwin-arm64 set size:undefined disposed:false
221 silly fetch manifest @rollup/rollup-freebsd-arm64@4.60.2
222 silly packumentCache full:https://registry.npmjs.org/@rollup%2frollup-freebsd-arm64 cache-miss
223 http fetch GET 200 https://registry.npmjs.org/@rollup%2frollup-android-arm64 366ms (cache miss)
224 silly packumentCache full:https://registry.npmjs.org/@rollup%2frollup-android-arm64 set size:undefined disposed:false
225 silly fetch manifest @rollup/rollup-linux-arm64-gnu@4.60.2
226 silly packumentCache full:https://registry.npmjs.org/@rollup%2frollup-linux-arm64-gnu cache-miss
227 http fetch GET 200 https://registry.npmjs.org/@rollup%2frollup-freebsd-arm64 358ms (cache miss)
228 silly packumentCache full:https://registry.npmjs.org/@rollup%2frollup-freebsd-arm64 set size:undefined disposed:false
229 silly fetch manifest @rollup/rollup-linux-arm64-musl@4.60.2
230 silly packumentCache full:https://registry.npmjs.org/@rollup%2frollup-linux-arm64-musl cache-miss
231 http fetch GET 200 https://registry.npmjs.org/@rollup%2frollup-linux-arm64-gnu 386ms (cache miss)
232 silly packumentCache full:https://registry.npmjs.org/@rollup%2frollup-linux-arm64-gnu set size:undefined disposed:false
233 silly fetch manifest @rollup/rollup-android-arm-eabi@4.60.2
234 silly packumentCache full:https://registry.npmjs.org/@rollup%2frollup-android-arm-eabi cache-miss
235 http fetch GET 200 https://registry.npmjs.org/@rollup%2frollup-linux-arm64-musl 370ms (cache miss)
236 silly packumentCache full:https://registry.npmjs.org/@rollup%2frollup-linux-arm64-musl set size:undefined disposed:false
237 silly fetch manifest @rollup/rollup-linux-arm-gnueabihf@4.60.2
238 silly packumentCache full:https://registry.npmjs.org/@rollup%2frollup-linux-arm-gnueabihf cache-miss
239 http fetch GET 200 https://registry.npmjs.org/@rollup%2frollup-android-arm-eabi 699ms (cache miss)
240 silly packumentCache full:https://registry.npmjs.org/@rollup%2frollup-android-arm-eabi set size:undefined disposed:false
241 silly fetch manifest @rollup/rollup-linux-arm-musleabihf@4.60.2
242 silly packumentCache full:https://registry.npmjs.org/@rollup%2frollup-linux-arm-musleabihf cache-miss
243 http fetch GET 200 https://registry.npmjs.org/@rollup%2frollup-linux-arm-gnueabihf 700ms (cache miss)
244 silly packumentCache full:https://registry.npmjs.org/@rollup%2frollup-linux-arm-gnueabihf set size:undefined disposed:false
245 silly fetch manifest @rollup/rollup-win32-ia32-msvc@4.60.2
246 silly packumentCache full:https://registry.npmjs.org/@rollup%2frollup-win32-ia32-msvc cache-miss
247 http fetch GET 200 https://registry.npmjs.org/@rollup%2frollup-win32-ia32-msvc 364ms (cache miss)
248 silly packumentCache full:https://registry.npmjs.org/@rollup%2frollup-win32-ia32-msvc set size:undefined disposed:false
249 silly fetch manifest @rollup/rollup-linux-loong64-gnu@4.60.2
250 silly packumentCache full:https://registry.npmjs.org/@rollup%2frollup-linux-loong64-gnu cache-miss
251 http fetch GET 200 https://registry.npmjs.org/@rollup%2frollup-win32-arm64-msvc 2195ms (cache miss)
252 silly packumentCache full:https://registry.npmjs.org/@rollup%2frollup-win32-arm64-msvc set size:undefined disposed:false
253 silly fetch manifest @rollup/rollup-linux-loong64-musl@4.60.2
254 silly packumentCache full:https://registry.npmjs.org/@rollup%2frollup-linux-loong64-musl cache-miss
255 http fetch GET 200 https://registry.npmjs.org/@rollup%2frollup-linux-arm-musleabihf 910ms (cache miss)
256 silly packumentCache full:https://registry.npmjs.org/@rollup%2frollup-linux-arm-musleabihf set size:undefined disposed:false
257 silly fetch manifest @rollup/rollup-linux-riscv64-gnu@4.60.2
258 silly packumentCache full:https://registry.npmjs.org/@rollup%2frollup-linux-riscv64-gnu cache-miss
259 http fetch GET 200 https://registry.npmjs.org/@rollup%2frollup-linux-loong64-gnu 539ms (cache miss)
260 silly packumentCache full:https://registry.npmjs.org/@rollup%2frollup-linux-loong64-gnu set size:undefined disposed:false
261 silly fetch manifest @rollup/rollup-linux-riscv64-musl@4.60.2
262 silly packumentCache full:https://registry.npmjs.org/@rollup%2frollup-linux-riscv64-musl cache-miss
263 http fetch GET 200 https://registry.npmjs.org/@rollup%2frollup-linux-loong64-musl 880ms (cache miss)
264 silly packumentCache full:https://registry.npmjs.org/@rollup%2frollup-linux-loong64-musl set size:undefined disposed:false
265 silly fetch manifest @rollup/rollup-linux-ppc64-gnu@4.60.2
266 silly packumentCache full:https://registry.npmjs.org/@rollup%2frollup-linux-ppc64-gnu cache-miss
267 http fetch GET 200 https://registry.npmjs.org/@rollup%2frollup-linux-riscv64-musl 343ms (cache miss)
268 silly packumentCache full:https://registry.npmjs.org/@rollup%2frollup-linux-riscv64-musl set size:undefined disposed:false
269 silly fetch manifest @rollup/rollup-linux-ppc64-musl@4.60.2
270 silly packumentCache full:https://registry.npmjs.org/@rollup%2frollup-linux-ppc64-musl cache-miss
271 http fetch GET 200 https://registry.npmjs.org/@rollup%2frollup-linux-ppc64-musl 352ms (cache miss)
272 silly packumentCache full:https://registry.npmjs.org/@rollup%2frollup-linux-ppc64-musl set size:undefined disposed:false
273 silly fetch manifest @rollup/rollup-linux-s390x-gnu@4.60.2
274 silly packumentCache full:https://registry.npmjs.org/@rollup%2frollup-linux-s390x-gnu cache-miss
275 http fetch GET 200 https://registry.npmjs.org/@rollup%2frollup-linux-ppc64-gnu 658ms (cache miss)
276 silly packumentCache full:https://registry.npmjs.org/@rollup%2frollup-linux-ppc64-gnu set size:undefined disposed:false
277 silly fetch manifest @rollup/rollup-darwin-x64@4.60.2
278 silly packumentCache full:https://registry.npmjs.org/@rollup%2frollup-darwin-x64 cache-miss
279 http fetch GET 200 https://registry.npmjs.org/@rollup%2frollup-linux-riscv64-gnu 1474ms (cache miss)
280 silly packumentCache full:https://registry.npmjs.org/@rollup%2frollup-linux-riscv64-gnu set size:undefined disposed:false
281 silly fetch manifest @rollup/rollup-win32-x64-gnu@4.60.2
282 silly packumentCache full:https://registry.npmjs.org/@rollup%2frollup-win32-x64-gnu cache-miss
283 http fetch GET 200 https://registry.npmjs.org/@rollup%2frollup-linux-s390x-gnu 454ms (cache miss)
284 silly packumentCache full:https://registry.npmjs.org/@rollup%2frollup-linux-s390x-gnu set size:undefined disposed:false
285 silly fetch manifest @rollup/rollup-win32-x64-msvc@4.60.2
286 silly packumentCache full:https://registry.npmjs.org/@rollup%2frollup-win32-x64-msvc cache-miss
287 http fetch GET 200 https://registry.npmjs.org/@rollup%2frollup-win32-x64-msvc 205ms (cache miss)
288 silly packumentCache full:https://registry.npmjs.org/@rollup%2frollup-win32-x64-msvc set size:undefined disposed:false
289 silly fetch manifest @rollup/rollup-freebsd-x64@4.60.2
290 silly packumentCache full:https://registry.npmjs.org/@rollup%2frollup-freebsd-x64 cache-miss
291 http fetch GET 200 https://registry.npmjs.org/@rollup%2frollup-win32-x64-gnu 476ms (cache miss)
292 silly packumentCache full:https://registry.npmjs.org/@rollup%2frollup-win32-x64-gnu set size:undefined disposed:false
293 silly fetch manifest @rollup/rollup-linux-x64-gnu@4.60.2
294 silly packumentCache full:https://registry.npmjs.org/@rollup%2frollup-linux-x64-gnu cache-miss
295 http fetch GET 200 https://registry.npmjs.org/@rollup%2frollup-darwin-x64 666ms (cache miss)
296 silly packumentCache full:https://registry.npmjs.org/@rollup%2frollup-darwin-x64 set size:undefined disposed:false
297 silly fetch manifest @rollup/rollup-linux-x64-musl@4.60.2
298 silly packumentCache full:https://registry.npmjs.org/@rollup%2frollup-linux-x64-musl cache-miss
299 http fetch GET 200 https://registry.npmjs.org/@rollup%2frollup-freebsd-x64 346ms (cache miss)
300 silly packumentCache full:https://registry.npmjs.org/@rollup%2frollup-freebsd-x64 set size:undefined disposed:false
301 silly fetch manifest @rollup/rollup-openbsd-x64@4.60.2
302 silly packumentCache full:https://registry.npmjs.org/@rollup%2frollup-openbsd-x64 cache-miss
303 http fetch GET 200 https://registry.npmjs.org/@rollup%2frollup-linux-x64-musl 349ms (cache miss)
304 silly packumentCache full:https://registry.npmjs.org/@rollup%2frollup-linux-x64-musl set size:undefined disposed:false
305 silly fetch manifest @rollup/rollup-openharmony-arm64@4.60.2
306 silly packumentCache full:https://registry.npmjs.org/@rollup%2frollup-openharmony-arm64 cache-miss
307 http fetch GET 200 https://registry.npmjs.org/@rollup%2frollup-openbsd-x64 331ms (cache miss)
308 silly packumentCache full:https://registry.npmjs.org/@rollup%2frollup-openbsd-x64 set size:undefined disposed:false
309 http fetch GET 200 https://registry.npmjs.org/@rollup%2frollup-openharmony-arm64 325ms (cache miss)
310 silly packumentCache full:https://registry.npmjs.org/@rollup%2frollup-openharmony-arm64 set size:undefined disposed:false
311 http fetch GET 200 https://registry.npmjs.org/@rollup%2frollup-linux-x64-gnu 1034ms (cache miss)
312 silly packumentCache full:https://registry.npmjs.org/@rollup%2frollup-linux-x64-gnu set size:undefined disposed:false
313 silly placeDep ROOT @esbuild/aix-ppc64@0.21.5 OK for: esbuild@0.21.5 want: 0.21.5
314 silly placeDep ROOT @esbuild/android-arm@0.21.5 OK for: esbuild@0.21.5 want: 0.21.5
315 silly placeDep ROOT @esbuild/android-arm64@0.21.5 OK for: esbuild@0.21.5 want: 0.21.5
316 silly placeDep ROOT @esbuild/android-x64@0.21.5 OK for: esbuild@0.21.5 want: 0.21.5
317 silly placeDep ROOT @esbuild/darwin-arm64@0.21.5 OK for: esbuild@0.21.5 want: 0.21.5
318 silly placeDep ROOT @esbuild/darwin-x64@0.21.5 OK for: esbuild@0.21.5 want: 0.21.5
319 silly placeDep ROOT @esbuild/freebsd-arm64@0.21.5 OK for: esbuild@0.21.5 want: 0.21.5
320 silly placeDep ROOT @esbuild/freebsd-x64@0.21.5 OK for: esbuild@0.21.5 want: 0.21.5
321 silly placeDep ROOT @esbuild/linux-arm@0.21.5 OK for: esbuild@0.21.5 want: 0.21.5
322 silly placeDep ROOT @esbuild/linux-arm64@0.21.5 OK for: esbuild@0.21.5 want: 0.21.5
323 silly placeDep ROOT @esbuild/linux-ia32@0.21.5 OK for: esbuild@0.21.5 want: 0.21.5
324 silly placeDep ROOT @esbuild/linux-loong64@0.21.5 OK for: esbuild@0.21.5 want: 0.21.5
325 silly placeDep ROOT @esbuild/linux-mips64el@0.21.5 OK for: esbuild@0.21.5 want: 0.21.5
326 silly placeDep ROOT @esbuild/linux-ppc64@0.21.5 OK for: esbuild@0.21.5 want: 0.21.5
327 silly placeDep ROOT @esbuild/linux-riscv64@0.21.5 OK for: esbuild@0.21.5 want: 0.21.5
328 silly placeDep ROOT @esbuild/linux-s390x@0.21.5 OK for: esbuild@0.21.5 want: 0.21.5
329 silly placeDep ROOT @esbuild/linux-x64@0.21.5 OK for: esbuild@0.21.5 want: 0.21.5
330 silly placeDep ROOT @esbuild/netbsd-x64@0.21.5 OK for: esbuild@0.21.5 want: 0.21.5
331 silly placeDep ROOT @esbuild/openbsd-x64@0.21.5 OK for: esbuild@0.21.5 want: 0.21.5
332 silly placeDep ROOT @esbuild/sunos-x64@0.21.5 OK for: esbuild@0.21.5 want: 0.21.5
333 silly placeDep ROOT @esbuild/win32-arm64@0.21.5 OK for: esbuild@0.21.5 want: 0.21.5
334 silly placeDep ROOT @esbuild/win32-ia32@0.21.5 OK for: esbuild@0.21.5 want: 0.21.5
335 silly placeDep ROOT @esbuild/win32-x64@0.21.5 OK for: esbuild@0.21.5 want: 0.21.5
336 silly placeDep ROOT nanoid@3.3.11 OK for: postcss@8.5.10 want: ^3.3.11
337 silly placeDep ROOT picocolors@1.1.1 OK for: postcss@8.5.10 want: ^1.1.1
338 silly placeDep ROOT source-map-js@1.2.1 OK for: postcss@8.5.10 want: ^1.2.1
339 silly placeDep ROOT @rollup/rollup-android-arm-eabi@4.60.2 OK for: rollup@4.60.2 want: 4.60.2
340 silly placeDep ROOT @rollup/rollup-android-arm64@4.60.2 OK for: rollup@4.60.2 want: 4.60.2
341 silly placeDep ROOT @rollup/rollup-darwin-arm64@4.60.2 OK for: rollup@4.60.2 want: 4.60.2
342 silly placeDep ROOT @rollup/rollup-darwin-x64@4.60.2 OK for: rollup@4.60.2 want: 4.60.2
343 silly placeDep ROOT @rollup/rollup-freebsd-arm64@4.60.2 OK for: rollup@4.60.2 want: 4.60.2
344 silly placeDep ROOT @rollup/rollup-freebsd-x64@4.60.2 OK for: rollup@4.60.2 want: 4.60.2
345 silly placeDep ROOT @rollup/rollup-linux-arm-gnueabihf@4.60.2 OK for: rollup@4.60.2 want: 4.60.2
346 silly placeDep ROOT @rollup/rollup-linux-arm-musleabihf@4.60.2 OK for: rollup@4.60.2 want: 4.60.2
347 silly placeDep ROOT @rollup/rollup-linux-arm64-gnu@4.60.2 OK for: rollup@4.60.2 want: 4.60.2
348 silly placeDep ROOT @rollup/rollup-linux-arm64-musl@4.60.2 OK for: rollup@4.60.2 want: 4.60.2
349 silly placeDep ROOT @rollup/rollup-linux-loong64-gnu@4.60.2 OK for: rollup@4.60.2 want: 4.60.2
350 silly placeDep ROOT @rollup/rollup-linux-loong64-musl@4.60.2 OK for: rollup@4.60.2 want: 4.60.2
351 silly placeDep ROOT @rollup/rollup-linux-ppc64-gnu@4.60.2 OK for: rollup@4.60.2 want: 4.60.2
352 silly placeDep ROOT @rollup/rollup-linux-ppc64-musl@4.60.2 OK for: rollup@4.60.2 want: 4.60.2
353 silly placeDep ROOT @rollup/rollup-linux-riscv64-gnu@4.60.2 OK for: rollup@4.60.2 want: 4.60.2
354 silly placeDep ROOT @rollup/rollup-linux-riscv64-musl@4.60.2 OK for: rollup@4.60.2 want: 4.60.2
355 silly placeDep ROOT @rollup/rollup-linux-s390x-gnu@4.60.2 OK for: rollup@4.60.2 want: 4.60.2
356 silly placeDep ROOT @rollup/rollup-linux-x64-gnu@4.60.2 OK for: rollup@4.60.2 want: 4.60.2
357 silly placeDep ROOT @rollup/rollup-linux-x64-musl@4.60.2 OK for: rollup@4.60.2 want: 4.60.2
358 silly placeDep ROOT @rollup/rollup-openbsd-x64@4.60.2 OK for: rollup@4.60.2 want: 4.60.2
359 silly placeDep ROOT @rollup/rollup-openharmony-arm64@4.60.2 OK for: rollup@4.60.2 want: 4.60.2
360 silly placeDep ROOT @rollup/rollup-win32-arm64-msvc@4.60.2 OK for: rollup@4.60.2 want: 4.60.2
361 silly placeDep ROOT @rollup/rollup-win32-ia32-msvc@4.60.2 OK for: rollup@4.60.2 want: 4.60.2
362 silly placeDep ROOT @rollup/rollup-win32-x64-gnu@4.60.2 OK for: rollup@4.60.2 want: 4.60.2
363 silly placeDep ROOT @rollup/rollup-win32-x64-msvc@4.60.2 OK for: rollup@4.60.2 want: 4.60.2
364 silly placeDep ROOT @types/estree@1.0.8 OK for: rollup@4.60.2 want: 1.0.8
365 silly reify moves {}
366 silly audit bulk request {
366 silly audit   react: [ '18.3.1' ],
366 silly audit   'react-dom': [ '18.3.1' ],
366 silly audit   vite: [ '5.4.21' ],
366 silly audit   'loose-envify': [ '1.4.0' ],
366 silly audit   'js-tokens': [ '4.0.0' ],
366 silly audit   scheduler: [ '0.23.2' ],
366 silly audit   esbuild: [ '0.21.5' ],
366 silly audit   fsevents: [ '2.3.3' ],
366 silly audit   postcss: [ '8.5.10' ],
366 silly audit   rollup: [ '4.60.2' ],
366 silly audit   '@esbuild/aix-ppc64': [ '0.21.5' ],
366 silly audit   '@esbuild/android-arm': [ '0.21.5' ],
366 silly audit   '@esbuild/android-arm64': [ '0.21.5' ],
366 silly audit   '@esbuild/android-x64': [ '0.21.5' ],
366 silly audit   '@esbuild/darwin-arm64': [ '0.21.5' ],
366 silly audit   '@esbuild/darwin-x64': [ '0.21.5' ],
366 silly audit   '@esbuild/freebsd-arm64': [ '0.21.5' ],
366 silly audit   '@esbuild/freebsd-x64': [ '0.21.5' ],
366 silly audit   '@esbuild/linux-arm': [ '0.21.5' ],
366 silly audit   '@esbuild/linux-arm64': [ '0.21.5' ],
366 silly audit   '@esbuild/linux-ia32': [ '0.21.5' ],
366 silly audit   '@esbuild/linux-loong64': [ '0.21.5' ],
366 silly audit   '@esbuild/linux-mips64el': [ '0.21.5' ],
366 silly audit   '@esbuild/linux-ppc64': [ '0.21.5' ],
366 silly audit   '@esbuild/linux-riscv64': [ '0.21.5' ],
366 silly audit   '@esbuild/linux-s390x': [ '0.21.5' ],
366 silly audit   '@esbuild/linux-x64': [ '0.21.5' ],
366 silly audit   '@esbuild/netbsd-x64': [ '0.21.5' ],
366 silly audit   '@esbuild/openbsd-x64': [ '0.21.5' ],
366 silly audit   '@esbuild/sunos-x64': [ '0.21.5' ],
366 silly audit   '@esbuild/win32-arm64': [ '0.21.5' ],
366 silly audit   '@esbuild/win32-ia32': [ '0.21.5' ],
366 silly audit   '@esbuild/win32-x64': [ '0.21.5' ],
366 silly audit   nanoid: [ '3.3.11' ],
366 silly audit   picocolors: [ '1.1.1' ],
366 silly audit   'source-map-js': [ '1.2.1' ],
366 silly audit   '@rollup/rollup-android-arm-eabi': [ '4.60.2' ],
366 silly audit   '@rollup/rollup-android-arm64': [ '4.60.2' ],
366 silly audit   '@rollup/rollup-darwin-arm64': [ '4.60.2' ],
366 silly audit   '@rollup/rollup-darwin-x64': [ '4.60.2' ],
366 silly audit   '@rollup/rollup-freebsd-arm64': [ '4.60.2' ],
366 silly audit   '@rollup/rollup-freebsd-x64': [ '4.60.2' ],
366 silly audit   '@rollup/rollup-linux-arm-gnueabihf': [ '4.60.2' ],
366 silly audit   '@rollup/rollup-linux-arm-musleabihf': [ '4.60.2' ],
366 silly audit   '@rollup/rollup-linux-arm64-gnu': [ '4.60.2' ],
366 silly audit   '@rollup/rollup-linux-arm64-musl': [ '4.60.2' ],
366 silly audit   '@rollup/rollup-linux-loong64-gnu': [ '4.60.2' ],
366 silly audit   '@rollup/rollup-linux-loong64-musl': [ '4.60.2' ],
366 silly audit   '@rollup/rollup-linux-ppc64-gnu': [ '4.60.2' ],
366 silly audit   '@rollup/rollup-linux-ppc64-musl': [ '4.60.2' ],
366 silly audit   '@rollup/rollup-linux-riscv64-gnu': [ '4.60.2' ],
366 silly audit   '@rollup/rollup-linux-riscv64-musl': [ '4.60.2' ],
366 silly audit   '@rollup/rollup-linux-s390x-gnu': [ '4.60.2' ],
366 silly audit   '@rollup/rollup-linux-x64-gnu': [ '4.60.2' ],
366 silly audit   '@rollup/rollup-linux-x64-musl': [ '4.60.2' ],
366 silly audit   '@rollup/rollup-openbsd-x64': [ '4.60.2' ],
366 silly audit   '@rollup/rollup-openharmony-arm64': [ '4.60.2' ],
366 silly audit   '@rollup/rollup-win32-arm64-msvc': [ '4.60.2' ],
366 silly audit   '@rollup/rollup-win32-ia32-msvc': [ '4.60.2' ],
366 silly audit   '@rollup/rollup-win32-x64-gnu': [ '4.60.2' ],
366 silly audit   '@rollup/rollup-win32-x64-msvc': [ '4.60.2' ],
366 silly audit   '@types/estree': [ '1.0.8' ]
366 silly audit }
367 http cache @rollup/rollup-win32-x64-msvc@https://registry.npmjs.org/@rollup/rollup-win32-x64-msvc/-/rollup-win32-x64-msvc-4.60.2.tgz 0ms (cache hit)
368 http cache @types/estree@https://registry.npmjs.org/@types/estree/-/estree-1.0.8.tgz 1ms (cache hit)
369 http cache source-map-js@https://registry.npmjs.org/source-map-js/-/source-map-js-1.2.1.tgz 1ms (cache hit)
370 http cache @rollup/rollup-win32-x64-gnu@https://registry.npmjs.org/@rollup/rollup-win32-x64-gnu/-/rollup-win32-x64-gnu-4.60.2.tgz 0ms (cache hit)
371 http cache picocolors@https://registry.npmjs.org/picocolors/-/picocolors-1.1.1.tgz 0ms (cache hit)
372 http cache nanoid@https://registry.npmjs.org/nanoid/-/nanoid-3.3.11.tgz 1ms (cache hit)
373 http cache @esbuild/win32-x64@https://registry.npmjs.org/@esbuild/win32-x64/-/win32-x64-0.21.5.tgz 0ms (cache hit)
374 http cache rollup@https://registry.npmjs.org/rollup/-/rollup-4.60.2.tgz 1ms (cache hit)
375 http cache postcss@https://registry.npmjs.org/postcss/-/postcss-8.5.10.tgz 0ms (cache hit)
376 http cache scheduler@https://registry.npmjs.org/scheduler/-/scheduler-0.23.2.tgz 0ms (cache hit)
377 http cache esbuild@https://registry.npmjs.org/esbuild/-/esbuild-0.21.5.tgz 0ms (cache hit)
378 http cache js-tokens@https://registry.npmjs.org/js-tokens/-/js-tokens-4.0.0.tgz 0ms (cache hit)
379 http cache loose-envify@https://registry.npmjs.org/loose-envify/-/loose-envify-1.4.0.tgz 0ms (cache hit)
380 http cache vite@https://registry.npmjs.org/vite/-/vite-5.4.21.tgz 0ms (cache hit)
381 http cache react-dom@https://registry.npmjs.org/react-dom/-/react-dom-18.3.1.tgz 0ms (cache hit)
382 silly tarball no local data for @rollup/rollup-win32-x64-msvc@https://registry.npmjs.org/@rollup/rollup-win32-x64-msvc/-/rollup-win32-x64-msvc-4.60.2.tgz. Extracting by manifest.
383 silly tarball no local data for @types/estree@https://registry.npmjs.org/@types/estree/-/estree-1.0.8.tgz. Extracting by manifest.
384 silly tarball no local data for source-map-js@https://registry.npmjs.org/source-map-js/-/source-map-js-1.2.1.tgz. Extracting by manifest.
385 silly tarball no local data for @rollup/rollup-win32-x64-gnu@https://registry.npmjs.org/@rollup/rollup-win32-x64-gnu/-/rollup-win32-x64-gnu-4.60.2.tgz. Extracting by manifest.
386 http cache react@https://registry.npmjs.org/react/-/react-18.3.1.tgz 0ms (cache hit)
387 silly tarball no local data for picocolors@https://registry.npmjs.org/picocolors/-/picocolors-1.1.1.tgz. Extracting by manifest.
388 silly tarball no local data for nanoid@https://registry.npmjs.org/nanoid/-/nanoid-3.3.11.tgz. Extracting by manifest.
389 silly tarball no local data for @esbuild/win32-x64@https://registry.npmjs.org/@esbuild/win32-x64/-/win32-x64-0.21.5.tgz. Extracting by manifest.
390 silly tarball no local data for rollup@https://registry.npmjs.org/rollup/-/rollup-4.60.2.tgz. Extracting by manifest.
391 silly tarball no local data for postcss@https://registry.npmjs.org/postcss/-/postcss-8.5.10.tgz. Extracting by manifest.
392 silly tarball no local data for scheduler@https://registry.npmjs.org/scheduler/-/scheduler-0.23.2.tgz. Extracting by manifest.
393 silly tarball no local data for esbuild@https://registry.npmjs.org/esbuild/-/esbuild-0.21.5.tgz. Extracting by manifest.
394 silly tarball no local data for js-tokens@https://registry.npmjs.org/js-tokens/-/js-tokens-4.0.0.tgz. Extracting by manifest.
395 silly tarball no local data for loose-envify@https://registry.npmjs.org/loose-envify/-/loose-envify-1.4.0.tgz. Extracting by manifest.
396 silly tarball no local data for vite@https://registry.npmjs.org/vite/-/vite-5.4.21.tgz. Extracting by manifest.
397 silly tarball no local data for react-dom@https://registry.npmjs.org/react-dom/-/react-dom-18.3.1.tgz. Extracting by manifest.
398 silly tarball no local data for react@https://registry.npmjs.org/react/-/react-18.3.1.tgz. Extracting by manifest.
399 http fetch POST 200 https://registry.npmjs.org/-/npm/v1/security/advisories/bulk 979ms
400 silly audit report {
400 silly audit report   vite: [
400 silly audit report     {
400 silly audit report       id: 1116229,
400 silly audit report       url: 'https://github.com/advisories/GHSA-4w7w-66w2-5vf9',
400 silly audit report       title: 'Vite Vulnerable to Path Traversal in Optimized Deps `.map` Handling',
400 silly audit report       severity: 'moderate',
400 silly audit report       vulnerable_versions: '<=6.4.1',
400 silly audit report       cwe: [Array],
400 silly audit report       cvss: [Object]
400 silly audit report     }
400 silly audit report   ],
400 silly audit report   esbuild: [
400 silly audit report     {
400 silly audit report       id: 1102341,
400 silly audit report       url: 'https://github.com/advisories/GHSA-67mh-4wv8-2f99',
400 silly audit report       title: 'esbuild enables any website to send any requests to the development server and read the response',
400 silly audit report       severity: 'moderate',
400 silly audit report       vulnerable_versions: '<=0.24.2',
400 silly audit report       cwe: [Array],
400 silly audit report       cvss: [Object]
400 silly audit report     }
400 silly audit report   ]
400 silly audit report }
401 silly packumentCache corgi:https://registry.npmjs.org/vite cache-miss
402 silly packumentCache corgi:https://registry.npmjs.org/esbuild cache-miss
403 http fetch GET 200 https://registry.npmjs.org/@types/estree/-/estree-1.0.8.tgz 1923ms (cache miss)
404 http fetch GET 200 https://registry.npmjs.org/picocolors/-/picocolors-1.1.1.tgz 2497ms (cache miss)
405 http fetch GET 200 https://registry.npmjs.org/loose-envify/-/loose-envify-1.4.0.tgz 2672ms (cache miss)
406 http fetch GET 200 https://registry.npmjs.org/js-tokens/-/js-tokens-4.0.0.tgz 2786ms (cache miss)
407 http fetch GET 200 https://registry.npmjs.org/esbuild/-/esbuild-0.21.5.tgz 3333ms (cache miss)
408 http fetch GET 200 https://registry.npmjs.org/esbuild 2870ms (cache miss)
409 silly packumentCache corgi:https://registry.npmjs.org/esbuild set size:undefined disposed:false
410 http fetch GET 200 https://registry.npmjs.org/scheduler/-/scheduler-0.23.2.tgz 3847ms (cache miss)
411 http fetch GET 200 https://registry.npmjs.org/react/-/react-18.3.1.tgz 4024ms (cache miss)
412 http fetch GET 200 https://registry.npmjs.org/source-map-js/-/source-map-js-1.2.1.tgz 4141ms (cache miss)
413 http fetch GET 200 https://registry.npmjs.org/nanoid/-/nanoid-3.3.11.tgz 4142ms (cache miss)
414 http fetch GET 200 https://registry.npmjs.org/vite 3731ms (cache miss)
415 silly packumentCache corgi:https://registry.npmjs.org/vite set size:undefined disposed:false
416 http fetch GET 200 https://registry.npmjs.org/@rollup/rollup-win32-x64-msvc/-/rollup-win32-x64-msvc-4.60.2.tgz 5029ms (cache miss)
417 http fetch GET 200 https://registry.npmjs.org/@rollup/rollup-win32-x64-gnu/-/rollup-win32-x64-gnu-4.60.2.tgz 5883ms (cache miss)
418 http fetch GET 200 https://registry.npmjs.org/postcss/-/postcss-8.5.10.tgz 6691ms (cache miss)
419 http fetch GET 200 https://registry.npmjs.org/rollup/-/rollup-4.60.2.tgz 6877ms (cache miss)
420 http fetch GET 200 https://registry.npmjs.org/vite/-/vite-5.4.21.tgz 7060ms (cache miss)
421 http fetch GET 200 https://registry.npmjs.org/react-dom/-/react-dom-18.3.1.tgz 7090ms (cache miss)
422 http fetch GET 200 https://registry.npmjs.org/@esbuild/win32-x64/-/win32-x64-0.21.5.tgz 7299ms (cache miss)
423 info run esbuild@0.21.5 postinstall node_modules/esbuild node install.js
424 info run esbuild@0.21.5 postinstall { code: 0, signal: null }
425 silly ADD node_modules/@types/estree
426 silly ADD node_modules/@rollup/rollup-win32-x64-msvc
427 silly ADD node_modules/@rollup/rollup-win32-x64-gnu
428 silly ADD node_modules/source-map-js
429 silly ADD node_modules/picocolors
430 silly ADD node_modules/nanoid
431 silly ADD node_modules/@esbuild/win32-x64
432 silly ADD node_modules/rollup
433 silly ADD node_modules/postcss
434 silly ADD node_modules/esbuild
435 silly ADD node_modules/scheduler
436 silly ADD node_modules/js-tokens
437 silly ADD node_modules/loose-envify
438 silly ADD node_modules/vite
439 silly ADD node_modules/react-dom
440 silly ADD node_modules/react
441 verbose cwd C:\Users\USER\Documents\Great Market 1.0
442 verbose os Windows_NT 10.0.22621
443 verbose node v24.14.1
444 verbose npm  v11.12.1
445 notice
445 notice New minor version of npm available! 11.12.1 -> 11.13.0
445 notice Changelog: https://github.com/npm/cli/releases/tag/v11.13.0
445 notice To update run: npm install -g npm@11.13.0
445 notice  { force: true, Symbol(proc-log.meta): true }
446 verbose exit 0
447 info ok
